make: Entering directory `/home/ncarey/gitrepos/AI-HW/HW2/carey.nick/src'
java -cp ../bin edu.jhu.ben.cs335.hw2.Konane 
Let's play Konane!
Enter board size: Enter player type for Black (1=human, 2=minmax, 3=alphabeta):  Specify 0 for fixed search depth, 1 for time-bounded search:  Specify Maximum Search Depth: Enter player type for White (1=human, 2=minmax, 3=alphabeta):  Specify 0 for naive move-ordering, 1 for heuristic-based move ordering:  Specify 0 for fixed search depth, 1 for time-bounded search:  Specify Maximum Search Depth: 
===================
Turn 0, black to play:
-----------
| b w b w |
| w b w b |
| b w b w |
| w b w b |
-----------
  Move: (0, 0) -> (0, 0) has a util value of -64
  Move: (1, 1) -> (1, 1) has a util value of -64
  Move: (2, 2) -> (2, 2) has a util value of -64
  Move: (3, 3) -> (3, 3) has a util value of -64
  Current player has 4 moves to examine
  Current move decision has explored 580 nodes.
  Current move decision has taken 0.051347452 seconds.
Executing move (0, 0) -> (0, 0)
Turn 1, white to play:
-----------
| . w b w |
| w b w b |
| b w b w |
| w b w b |
-----------
  Move: (0, 1) -> (0, 1) has a util value of 64
  Move: (1, 0) -> (1, 0) has a util value of 64
  Current player has 2 moves to examine
  Current move decision has explored 66 nodes.
  Current move decision has taken 0.002826896 seconds.
Executing move (0, 1) -> (0, 1)
Turn 2, black to play:
-----------
| . . b w |
| w b w b |
| b w b w |
| w b w b |
-----------
  Move: (2, 0) -> (0, 0) has a util value of -64
  Current player has 1 moves to examine
  Current move decision has explored 186 nodes.
  Current move decision has taken 0.006285366 seconds.
Executing move (2, 0) -> (0, 0)
Turn 3, white to play:
-----------
| b . b w |
| . b w b |
| . w b w |
| w b w b |
-----------
  Move: (0, 3) -> (0, 1) has a util value of 3
  Move: (1, 2) -> (1, 0) has a util value of 3
  Move: (2, 1) -> (0, 1) has a util value of 64
  Current player has 3 moves to examine
  Current move decision has explored 168 nodes.
  Current move decision has taken 0.00287788 seconds.
Executing move (2, 1) -> (0, 1)
Turn 4, black to play:
-----------
| b w b w |
| . . w b |
| . . b w |
| w b w b |
-----------
  Move: (1, 3) -> (1, 1) has a util value of -64
  Current player has 1 moves to examine
  Current move decision has explored 147 nodes.
  Current move decision has taken 0.001510737 seconds.
Executing move (1, 3) -> (1, 1)
Turn 5, white to play:
-----------
| b w b w |
| . b . . |
| . . b w |
| w b w b |
-----------
  Move: (0, 1) -> (2, 1) has a util value of 1
  Move: (2, 3) -> (2, 1) has a util value of 64
  Move: (3, 2) -> (1, 2) has a util value of 64
  Current player has 3 moves to examine
  Current move decision has explored 119 nodes.
  Current move decision has taken 0.001775225 seconds.
Executing move (2, 3) -> (2, 1)
Game over!  Final board state:
-----------
| b w b w |
| . b . . |
| . w . . |
| w b w b |
-----------
Game won by White after 6 turns
Black Player explored a total of 913 nodes
White Player explored a total of 353 nodes
make: Leaving directory `/home/ncarey/gitrepos/AI-HW/HW2/carey.nick/src'
