make: Entering directory `/home/ncarey/gitrepos/AI-HW/HW2/carey.nick/src'
java -cp ../bin edu.jhu.ben.cs335.hw2.Konane 
Let's play Konane!
Enter board size: Enter player type for Black (1=human, 2=minmax, 3=alphabeta):  Specify 0 for fixed search depth, 1 for time-bounded search:  Specify Maximum Search Depth: Enter player type for White (1=human, 2=minmax, 3=alphabeta):  Specify 0 for naive move-ordering, 1 for heuristic-based move ordering:  Specify 0 for fixed search depth, 1 for time-bounded search:  Specify Maximum Search Depth: 
===================
Turn 0, black to play:
---------------
| b w b w b w |
| w b w b w b |
| b w b w b w |
| w b w b w b |
| b w b w b w |
| w b w b w b |
---------------
  Move: (0, 0) -> (0, 0) has a util value of 3
  Move: (2, 2) -> (2, 2) has a util value of 5
  Move: (3, 3) -> (3, 3) has a util value of 5
  Move: (5, 5) -> (5, 5) has a util value of 3
  Current player has 4 moves to examine
  Current move decision has explored 5060 nodes.
  Current move decision has taken 0.122459218 seconds.
Executing move (2, 2) -> (2, 2)
Turn 1, white to play:
---------------
| b w b w b w |
| w b w b w b |
| b w . w b w |
| w b w b w b |
| b w b w b w |
| w b w b w b |
---------------
  Move: (1, 2) -> (1, 2) has a util value of 4
  Move: (2, 1) -> (2, 1) has a util value of 4
  Move: (2, 3) -> (2, 3) has a util value of 6
  Move: (3, 2) -> (3, 2) has a util value of 6
  Current player has 4 moves to examine
  Current move decision has explored 2076 nodes.
  Current move decision has taken 0.021014544 seconds.
Executing move (2, 3) -> (2, 3)
Turn 2, black to play:
---------------
| b w b w b w |
| w b w b w b |
| b w . . b w |
| w b w b w b |
| b w b w b w |
| w b w b w b |
---------------
  Move: (0, 2) -> (2, 2) has a util value of 4
  Move: (2, 0) -> (2, 2) has a util value of 6
  Move: (4, 2) -> (2, 2) has a util value of 5
  Current player has 3 moves to examine
  Current move decision has explored 29580 nodes.
  Current move decision has taken 0.128614749 seconds.
Executing move (2, 0) -> (2, 2)
Turn 3, white to play:
---------------
| b w b w b w |
| w b w b w b |
| . . b . b w |
| w b w b w b |
| b w b w b w |
| w b w b w b |
---------------
  Move: (0, 1) -> (2, 1) has a util value of 7
  Move: (0, 3) -> (2, 3) has a util value of 7
  Move: (2, 5) -> (2, 3) has a util value of 7
  Move: (2, 5) -> (2, 1) has a util value of 7
  Move: (4, 1) -> (2, 1) has a util value of 7
  Move: (4, 3) -> (2, 3) has a util value of 7
  Current player has 6 moves to examine
  Current move decision has explored 2596 nodes.
  Current move decision has taken 0.018236397 seconds.
Executing move (0, 1) -> (2, 1)
Turn 4, black to play:
---------------
| b . b w b w |
| w . w b w b |
| . w b . b w |
| w b w b w b |
| b w b w b w |
| w b w b w b |
---------------
  Move: (0, 0) -> (2, 0) has a util value of 4
  Move: (1, 3) -> (1, 1) has a util value of 4
  Move: (2, 2) -> (2, 0) has a util value of 5
  Move: (3, 1) -> (1, 1) has a util value of 7
  Move: (4, 0) -> (2, 0) has a util value of 5
  Current player has 5 moves to examine
  Current move decision has explored 60219 nodes.
  Current move decision has taken 0.188247891 seconds.
Executing move (3, 1) -> (1, 1)
Turn 5, white to play:
---------------
| b . b w b w |
| w b w b w b |
| . . b . b w |
| w . w b w b |
| b w b w b w |
| w b w b w b |
---------------
  Move: (0, 3) -> (0, 1) has a util value of 7
  Move: (0, 3) -> (2, 3) has a util value of 7
  Move: (2, 5) -> (2, 3) has a util value of 7
  Move: (2, 5) -> (2, 1) has a util value of 7
  Move: (4, 3) -> (2, 3) has a util value of 7
  Current player has 5 moves to examine
  Current move decision has explored 5859 nodes.
  Current move decision has taken 0.036964198 seconds.
Executing move (0, 3) -> (0, 1)
Turn 6, black to play:
---------------
| b w . . b w |
| w b w b w b |
| . . b . b w |
| w . w b w b |
| b w b w b w |
| w b w b w b |
---------------
  Move: (0, 0) -> (0, 2) has a util value of 7
  Move: (0, 0) -> (2, 0) has a util value of 4
  Move: (2, 2) -> (0, 2) has a util value of 7
  Move: (3, 3) -> (3, 1) has a util value of 7
  Move: (4, 0) -> (2, 0) has a util value of 6
  Move: (5, 1) -> (3, 1) has a util value of 7
  Current player has 6 moves to examine
  Current move decision has explored 191600 nodes.
  Current move decision has taken 0.554278655 seconds.
Executing move (0, 0) -> (0, 2)
Turn 7, white to play:
---------------
| . . b . b w |
| w b w b w b |
| . . b . b w |
| w . w b w b |
| b w b w b w |
| w b w b w b |
---------------
  Move: (0, 5) -> (0, 3) has a util value of 6
  Move: (0, 5) -> (0, 1) has a util value of 6
  Move: (2, 5) -> (2, 3) has a util value of 6
  Move: (2, 5) -> (2, 1) has a util value of 6
  Move: (4, 3) -> (2, 3) has a util value of 6
  Move: (4, 3) -> (0, 3) has a util value of 6
  Current player has 6 moves to examine
  Current move decision has explored 10703 nodes.
  Current move decision has taken 0.031534597 seconds.
Executing move (0, 5) -> (0, 3)
Turn 8, black to play:
---------------
| . . b w . . |
| w b w b w b |
| . . b . b w |
| w . w b w b |
| b w b w b w |
| w b w b w b |
---------------
  Move: (0, 2) -> (0, 4) has a util value of 7
  Move: (2, 4) -> (0, 4) has a util value of 5
  Move: (3, 3) -> (3, 1) has a util value of 6
  Move: (4, 0) -> (2, 0) has a util value of 6
  Move: (4, 0) -> (0, 0) has a util value of 5
  Move: (5, 1) -> (3, 1) has a util value of 6
  Current player has 6 moves to examine
  Current move decision has explored 167075 nodes.
  Current move decision has taken 0.446796831 seconds.
Executing move (0, 2) -> (0, 4)
Turn 9, white to play:
---------------
| . . . . b . |
| w b w b w b |
| . . b . b w |
| w . w b w b |
| b w b w b w |
| w b w b w b |
---------------
  Move: (2, 5) -> (0, 5) has a util value of 6
  Move: (2, 5) -> (2, 3) has a util value of 6
  Move: (2, 5) -> (2, 1) has a util value of 6
  Move: (4, 3) -> (2, 3) has a util value of 6
  Move: (4, 3) -> (0, 3) has a util value of 6
  Current player has 5 moves to examine
  Current move decision has explored 3471 nodes.
  Current move decision has taken 0.009871437 seconds.
Executing move (2, 5) -> (0, 5)
Turn 10, black to play:
---------------
| . . . . b w |
| w b w b w . |
| . . b . b . |
| w . w b w b |
| b w b w b w |
| w b w b w b |
---------------
  Move: (1, 3) -> (1, 5) has a util value of 6
  Move: (2, 2) -> (0, 2) has a util value of 4
  Move: (3, 3) -> (3, 1) has a util value of 6
  Move: (4, 0) -> (2, 0) has a util value of 5
  Move: (4, 0) -> (0, 0) has a util value of 4
  Move: (5, 1) -> (3, 1) has a util value of 7
  Current player has 6 moves to examine
  Current move decision has explored 107106 nodes.
  Current move decision has taken 0.29214148 seconds.
Executing move (5, 1) -> (3, 1)
Turn 11, white to play:
---------------
| . . . . b w |
| w b w b w . |
| . . b . b . |
| w b w b w b |
| b . b w b w |
| w . w b w b |
---------------
  Move: (0, 5) -> (0, 3) has a util value of 6
  Move: (4, 3) -> (2, 3) has a util value of 6
  Move: (4, 3) -> (0, 3) has a util value of 6
  Move: (4, 3) -> (4, 1) has a util value of 6
  Move: (4, 5) -> (2, 5) has a util value of 6
  Current player has 5 moves to examine
  Current move decision has explored 4662 nodes.
  Current move decision has taken 0.01313959 seconds.
Executing move (0, 5) -> (0, 3)
Turn 12, black to play:
---------------
| . . . w . . |
| w b w b w . |
| . . b . b . |
| w b w b w b |
| b . b w b w |
| w . w b w b |
---------------
  Move: (1, 3) -> (1, 5) has a util value of 5
  Move: (2, 2) -> (0, 2) has a util value of 5
  Move: (2, 4) -> (0, 4) has a util value of 5
  Move: (4, 0) -> (2, 0) has a util value of 3
  Move: (4, 0) -> (0, 0) has a util value of 4
  Move: (5, 3) -> (5, 1) has a util value of 6
  Current player has 6 moves to examine
  Current move decision has explored 120383 nodes.
  Current move decision has taken 0.270400935 seconds.
Executing move (5, 3) -> (5, 1)
Turn 13, white to play:
---------------
| . . . w . . |
| w b w b w . |
| . . b . b . |
| w b w b w b |
| b . b w b w |
| w b . . w b |
---------------
  Move: (0, 3) -> (2, 3) has a util value of 5
  Move: (3, 2) -> (5, 2) has a util value of 5
  Move: (4, 3) -> (2, 3) has a util value of 5
  Move: (4, 3) -> (4, 1) has a util value of 5
  Move: (4, 5) -> (2, 5) has a util value of 5
  Move: (5, 0) -> (5, 2) has a util value of 6
  Current player has 6 moves to examine
  Current move decision has explored 10372 nodes.
  Current move decision has taken 0.027216311 seconds.
Executing move (5, 0) -> (5, 2)
Turn 14, black to play:
---------------
| . . . w . . |
| w b w b w . |
| . . b . b . |
| w b w b w b |
| b . b w b w |
| . . w . w b |
---------------
  Move: (1, 3) -> (1, 5) has a util value of 3
  Move: (2, 2) -> (0, 2) has a util value of 4
  Move: (2, 4) -> (0, 4) has a util value of 4
  Move: (3, 3) -> (5, 3) has a util value of 4
  Move: (4, 0) -> (2, 0) has a util value of 4
  Move: (4, 0) -> (0, 0) has a util value of 4
  Move: (5, 5) -> (5, 3) has a util value of 4
  Move: (5, 5) -> (5, 1) has a util value of 4
  Current player has 8 moves to examine
  Current move decision has explored 230079 nodes.
  Current move decision has taken 0.447419675 seconds.
Executing move (2, 2) -> (0, 2)
Turn 15, white to play:
---------------
| . . b w . . |
| w b . b w . |
| . . . . b . |
| w b w b w b |
| b . b w b w |
| . . w . w b |
---------------
  Move: (0, 3) -> (0, 1) has a util value of 5
  Move: (0, 3) -> (2, 3) has a util value of 5
  Move: (1, 0) -> (1, 2) has a util value of 5
  Move: (1, 4) -> (1, 2) has a util value of 5
  Move: (3, 0) -> (5, 0) has a util value of 6
  Move: (4, 3) -> (2, 3) has a util value of 6
  Move: (4, 3) -> (4, 1) has a util value of 6
  Move: (4, 5) -> (2, 5) has a util value of 6
  Current player has 8 moves to examine
  Current move decision has explored 13207 nodes.
  Current move decision has taken 0.032321289 seconds.
Executing move (3, 0) -> (5, 0)
Turn 16, black to play:
---------------
| . . b w . . |
| w b . b w . |
| . . . . b . |
| . b w b w b |
| . . b w b w |
| w . w . w b |
---------------
  Move: (0, 2) -> (0, 4) has a util value of 2
  Move: (1, 3) -> (1, 5) has a util value of 2
  Move: (2, 4) -> (0, 4) has a util value of 1
  Move: (3, 3) -> (5, 3) has a util value of 3
  Move: (4, 2) -> (2, 2) has a util value of 3
  Move: (5, 5) -> (5, 3) has a util value of 3
  Move: (5, 5) -> (5, 1) has a util value of 1
  Current player has 7 moves to examine
  Current move decision has explored 146075 nodes.
  Current move decision has taken 0.242103762 seconds.
Executing move (3, 3) -> (5, 3)
Turn 17, white to play:
---------------
| . . b w . . |
| w b . b w . |
| . . . . b . |
| . b w . w b |
| . . b . b w |
| w . w b w b |
---------------
  Move: (0, 3) -> (0, 1) has a util value of 4
  Move: (0, 3) -> (2, 3) has a util value of 4
  Move: (1, 0) -> (1, 2) has a util value of 4
  Move: (1, 4) -> (1, 2) has a util value of 4
  Move: (3, 2) -> (3, 0) has a util value of 4
  Move: (4, 5) -> (2, 5) has a util value of 4
  Move: (4, 5) -> (4, 3) has a util value of 4
  Move: (4, 5) -> (4, 1) has a util value of 4
  Current player has 8 moves to examine
  Current move decision has explored 4339 nodes.
  Current move decision has taken 0.012205603 seconds.
Executing move (0, 3) -> (0, 1)
Turn 18, black to play:
---------------
| . w . . . . |
| w b . b w . |
| . . . . b . |
| . b w . w b |
| . . b . b w |
| w . w b w b |
---------------
  Move: (1, 3) -> (1, 5) has a util value of -216
  Move: (2, 4) -> (0, 4) has a util value of 1
  Move: (3, 1) -> (3, 3) has a util value of 1
  Move: (3, 5) -> (3, 3) has a util value of 2
  Move: (4, 2) -> (2, 2) has a util value of 2
  Move: (5, 3) -> (5, 1) has a util value of 2
  Current player has 6 moves to examine
  Current move decision has explored 43832 nodes.
  Current move decision has taken 0.064496679 seconds.
Executing move (3, 5) -> (3, 3)
Turn 19, white to play:
---------------
| . w . . . . |
| w b . b w . |
| . . . . b . |
| . b w b . . |
| . . b . b w |
| w . w b w b |
---------------
  Move: (0, 1) -> (2, 1) has a util value of 2
  Move: (0, 1) -> (4, 1) has a util value of 2
  Move: (1, 0) -> (1, 2) has a util value of 2
  Move: (1, 4) -> (1, 2) has a util value of 2
  Move: (1, 4) -> (3, 4) has a util value of 4
  Move: (3, 2) -> (3, 0) has a util value of 4
  Move: (3, 2) -> (3, 4) has a util value of 4
  Move: (4, 5) -> (4, 3) has a util value of 4
  Move: (4, 5) -> (4, 1) has a util value of 4
  Move: (5, 4) -> (3, 4) has a util value of 4
  Current player has 10 moves to examine
  Current move decision has explored 2993 nodes.
  Current move decision has taken 0.009888409 seconds.
Executing move (1, 4) -> (3, 4)
Turn 20, black to play:
---------------
| . w . . . . |
| w b . b . . |
| . . . . . . |
| . b w b w . |
| . . b . b w |
| w . w b w b |
---------------
  Move: (3, 3) -> (3, 5) has a util value of -216
  Move: (4, 2) -> (2, 2) has a util value of 1
  Move: (4, 4) -> (2, 4) has a util value of 1
  Move: (5, 3) -> (5, 1) has a util value of -216
  Move: (5, 5) -> (3, 5) has a util value of 1
  Current player has 5 moves to examine
  Current move decision has explored 12441 nodes.
  Current move decision has taken 0.029855542 seconds.
Executing move (4, 2) -> (2, 2)
Turn 21, white to play:
---------------
| . w . . . . |
| w b . b . . |
| . . b . . . |
| . b . b w . |
| . . . . b w |
| w . w b w b |
---------------
  Move: (0, 1) -> (2, 1) has a util value of -216
  Move: (0, 1) -> (4, 1) has a util value of -216
  Move: (1, 0) -> (1, 2) has a util value of -216
  Move: (1, 0) -> (1, 4) has a util value of -216
  Move: (3, 4) -> (3, 2) has a util value of 4
  Move: (3, 4) -> (3, 0) has a util value of 3
  Move: (4, 5) -> (4, 3) has a util value of 3
  Current player has 7 moves to examine
  Current move decision has explored 1139 nodes.
  Current move decision has taken 0.002903722 seconds.
Executing move (3, 4) -> (3, 2)
Turn 22, black to play:
---------------
| . w . . . . |
| w b . b . . |
| . . b . . . |
| . b w . . . |
| . . . . b w |
| w . w b w b |
---------------
  Move: (2, 2) -> (4, 2) has a util value of -216
  Move: (3, 1) -> (3, 3) has a util value of -216
  Move: (5, 3) -> (5, 1) has a util value of -216
  Move: (5, 5) -> (3, 5) has a util value of -216
  Current player has 4 moves to examine
  Current move decision has explored 4930 nodes.
  Current move decision has taken 0.005813798 seconds.
Executing move (2, 2) -> (4, 2)
Turn 23, white to play:
---------------
| . w . . . . |
| w b . b . . |
| . . . . . . |
| . b . . . . |
| . . b . b w |
| w . w b w b |
---------------
  Move: (0, 1) -> (2, 1) has a util value of 3
  Move: (0, 1) -> (4, 1) has a util value of 3
  Move: (1, 0) -> (1, 2) has a util value of 2
  Move: (1, 0) -> (1, 4) has a util value of 216
  Move: (4, 5) -> (4, 3) has a util value of 216
  Move: (4, 5) -> (4, 1) has a util value of 216
  Move: (5, 2) -> (3, 2) has a util value of 216
  Move: (5, 4) -> (3, 4) has a util value of 216
  Current player has 8 moves to examine
  Current move decision has explored 448 nodes.
  Current move decision has taken 0.001326356 seconds.
Executing move (1, 0) -> (1, 4)
Turn 24, black to play:
---------------
| . w . . . . |
| . . . . w . |
| . . . . . . |
| . b . . . . |
| . . b . b w |
| w . w b w b |
---------------
  Move: (5, 3) -> (5, 1) has a util value of -216
  Move: (5, 5) -> (3, 5) has a util value of -216
  Current player has 2 moves to examine
  Current move decision has explored 81 nodes.
  Current move decision has taken 2.12946E-4 seconds.
Executing move (5, 3) -> (5, 1)
Turn 25, white to play:
---------------
| . w . . . . |
| . . . . w . |
| . . . . . . |
| . b . . . . |
| . . b . b w |
| w b . . w b |
---------------
  Move: (4, 5) -> (4, 3) has a util value of 216
  Move: (4, 5) -> (4, 1) has a util value of 216
  Move: (5, 0) -> (5, 2) has a util value of 216
  Move: (5, 4) -> (3, 4) has a util value of 216
  Current player has 4 moves to examine
  Current move decision has explored 33 nodes.
  Current move decision has taken 2.6428E-4 seconds.
Executing move (4, 5) -> (4, 3)
Turn 26, black to play:
---------------
| . w . . . . |
| . . . . w . |
| . . . . . . |
| . b . . . . |
| . . b w . . |
| w b . . w b |
---------------
  Move: (4, 2) -> (4, 4) has a util value of -216
  Move: (5, 5) -> (5, 3) has a util value of -216
  Current player has 2 moves to examine
  Current move decision has explored 18 nodes.
  Current move decision has taken 1.34794E-4 seconds.
Executing move (4, 2) -> (4, 4)
Turn 27, white to play:
---------------
| . w . . . . |
| . . . . w . |
| . . . . . . |
| . b . . . . |
| . . . . b . |
| w b . . w b |
---------------
  Move: (5, 0) -> (5, 2) has a util value of -216
  Move: (5, 4) -> (3, 4) has a util value of 216
  Current player has 2 moves to examine
  Current move decision has explored 5 nodes.
  Current move decision has taken 1.12026E-4 seconds.
Executing move (5, 4) -> (3, 4)
Game over!  Final board state:
---------------
| . w . . . . |
| . . . . w . |
| . . . . . . |
| . b . . w . |
| . . . . . . |
| w b . . . b |
---------------
Game won by White after 28 turns
Black Player explored a total of 1118479 nodes
White Player explored a total of 61903 nodes
make: Leaving directory `/home/ncarey/gitrepos/AI-HW/HW2/carey.nick/src'
