make: Entering directory `/home/ncarey/gitrepos/AI-HW/HW2/carey.nick/src'
java -cp ../bin edu.jhu.ben.cs335.hw2.Konane 
Let's play Konane!
Enter board size: Enter player type for Black (1=human, 2=minmax, 3=alphabeta):  Specify 0 for naive move-ordering, 1 for heuristic-based move ordering:  Specify 0 for fixed search depth, 1 for time-bounded search:  Specify Maximum Search Depth: Enter player type for White (1=human, 2=minmax, 3=alphabeta):  Specify 0 for fixed search depth, 1 for time-bounded search:  Specify Maximum Search Depth: 
===================
Turn 0, black to play:
---------------
| b w b w b w |
| w b w b w b |
| b w b w b w |
| w b w b w b |
| b w b w b w |
| w b w b w b |
---------------
  Move: (0, 0) -> (0, 0) has a util value of 3
  Move: (2, 2) -> (2, 2) has a util value of 5
  Move: (3, 3) -> (3, 3) has a util value of 5
  Move: (5, 5) -> (5, 5) has a util value of 5
  Current player has 4 moves to examine
  Current move decision has explored 962 nodes.
  Current move decision has taken 0.075784497 seconds.
Executing move (2, 2) -> (2, 2)
Turn 1, white to play:
---------------
| b w b w b w |
| w b w b w b |
| b w . w b w |
| w b w b w b |
| b w b w b w |
| w b w b w b |
---------------
  Move: (1, 2) -> (1, 2) has a util value of 4
  Move: (2, 1) -> (2, 1) has a util value of 4
  Move: (2, 3) -> (2, 3) has a util value of 6
  Move: (3, 2) -> (3, 2) has a util value of 6
  Current player has 4 moves to examine
  Current move decision has explored 13352 nodes.
  Current move decision has taken 0.11971236 seconds.
Executing move (2, 3) -> (2, 3)
Turn 2, black to play:
---------------
| b w b w b w |
| w b w b w b |
| b w . . b w |
| w b w b w b |
| b w b w b w |
| w b w b w b |
---------------
  Move: (0, 2) -> (2, 2) has a util value of 4
  Move: (2, 0) -> (2, 2) has a util value of 6
  Move: (4, 2) -> (2, 2) has a util value of 6
  Current player has 3 moves to examine
  Current move decision has explored 3628 nodes.
  Current move decision has taken 0.019655642 seconds.
Executing move (2, 0) -> (2, 2)
Turn 3, white to play:
---------------
| b w b w b w |
| w b w b w b |
| . . b . b w |
| w b w b w b |
| b w b w b w |
| w b w b w b |
---------------
  Move: (0, 1) -> (2, 1) has a util value of 7
  Move: (0, 3) -> (2, 3) has a util value of 6
  Move: (2, 5) -> (2, 3) has a util value of 7
  Move: (2, 5) -> (2, 1) has a util value of 6
  Move: (4, 1) -> (2, 1) has a util value of 6
  Move: (4, 3) -> (2, 3) has a util value of 6
  Current player has 6 moves to examine
  Current move decision has explored 73466 nodes.
  Current move decision has taken 0.24614429 seconds.
Executing move (0, 1) -> (2, 1)
Turn 4, black to play:
---------------
| b . b w b w |
| w . w b w b |
| . w b . b w |
| w b w b w b |
| b w b w b w |
| w b w b w b |
---------------
  Move: (0, 0) -> (2, 0) has a util value of 4
  Move: (1, 3) -> (1, 1) has a util value of 4
  Move: (2, 2) -> (2, 0) has a util value of 5
  Move: (3, 1) -> (1, 1) has a util value of 7
  Move: (4, 0) -> (2, 0) has a util value of 7
  Current player has 5 moves to examine
  Current move decision has explored 5615 nodes.
  Current move decision has taken 0.028682279 seconds.
Executing move (3, 1) -> (1, 1)
Turn 5, white to play:
---------------
| b . b w b w |
| w b w b w b |
| . . b . b w |
| w . w b w b |
| b w b w b w |
| w b w b w b |
---------------
  Move: (0, 3) -> (0, 1) has a util value of 7
  Move: (0, 3) -> (2, 3) has a util value of 4
  Move: (2, 5) -> (2, 3) has a util value of 6
  Move: (2, 5) -> (2, 1) has a util value of 6
  Move: (4, 3) -> (2, 3) has a util value of 6
  Current player has 5 moves to examine
  Current move decision has explored 137707 nodes.
  Current move decision has taken 0.438512816 seconds.
Executing move (0, 3) -> (0, 1)
Turn 6, black to play:
---------------
| b w . . b w |
| w b w b w b |
| . . b . b w |
| w . w b w b |
| b w b w b w |
| w b w b w b |
---------------
  Move: (0, 0) -> (0, 2) has a util value of 7
  Move: (0, 0) -> (2, 0) has a util value of 7
  Move: (2, 2) -> (0, 2) has a util value of 7
  Move: (3, 3) -> (3, 1) has a util value of 7
  Move: (4, 0) -> (2, 0) has a util value of 7
  Move: (5, 1) -> (3, 1) has a util value of 7
  Current player has 6 moves to examine
  Current move decision has explored 5607 nodes.
  Current move decision has taken 0.02599702 seconds.
Executing move (0, 0) -> (0, 2)
Turn 7, white to play:
---------------
| . . b . b w |
| w b w b w b |
| . . b . b w |
| w . w b w b |
| b w b w b w |
| w b w b w b |
---------------
  Move: (0, 5) -> (0, 3) has a util value of 6
  Move: (0, 5) -> (0, 1) has a util value of 5
  Move: (2, 5) -> (2, 3) has a util value of 5
  Move: (2, 5) -> (2, 1) has a util value of 6
  Move: (4, 3) -> (2, 3) has a util value of 5
  Move: (4, 3) -> (0, 3) has a util value of 6
  Current player has 6 moves to examine
  Current move decision has explored 187010 nodes.
  Current move decision has taken 0.442579046 seconds.
Executing move (0, 5) -> (0, 3)
Turn 8, black to play:
---------------
| . . b w . . |
| w b w b w b |
| . . b . b w |
| w . w b w b |
| b w b w b w |
| w b w b w b |
---------------
  Move: (0, 2) -> (0, 4) has a util value of 7
  Move: (2, 4) -> (0, 4) has a util value of 7
  Move: (3, 3) -> (3, 1) has a util value of 7
  Move: (4, 0) -> (2, 0) has a util value of 7
  Move: (4, 0) -> (0, 0) has a util value of 7
  Move: (5, 1) -> (3, 1) has a util value of 7
  Current player has 6 moves to examine
  Current move decision has explored 4912 nodes.
  Current move decision has taken 0.022432252 seconds.
Executing move (0, 2) -> (0, 4)
Turn 9, white to play:
---------------
| . . . . b . |
| w b w b w b |
| . . b . b w |
| w . w b w b |
| b w b w b w |
| w b w b w b |
---------------
  Move: (2, 5) -> (0, 5) has a util value of 6
  Move: (2, 5) -> (2, 3) has a util value of 3
  Move: (2, 5) -> (2, 1) has a util value of 4
  Move: (4, 3) -> (2, 3) has a util value of 4
  Move: (4, 3) -> (0, 3) has a util value of 3
  Current player has 5 moves to examine
  Current move decision has explored 151599 nodes.
  Current move decision has taken 0.347663275 seconds.
Executing move (2, 5) -> (0, 5)
Turn 10, black to play:
---------------
| . . . . b w |
| w b w b w . |
| . . b . b . |
| w . w b w b |
| b w b w b w |
| w b w b w b |
---------------
  Move: (1, 3) -> (1, 5) has a util value of 6
  Move: (2, 2) -> (0, 2) has a util value of 6
  Move: (3, 3) -> (3, 1) has a util value of 6
  Move: (4, 0) -> (2, 0) has a util value of 6
  Move: (4, 0) -> (0, 0) has a util value of 6
  Move: (5, 1) -> (3, 1) has a util value of 7
  Current player has 6 moves to examine
  Current move decision has explored 6078 nodes.
  Current move decision has taken 0.017391736 seconds.
Executing move (5, 1) -> (3, 1)
Turn 11, white to play:
---------------
| . . . . b w |
| w b w b w . |
| . . b . b . |
| w b w b w b |
| b . b w b w |
| w . w b w b |
---------------
  Move: (0, 5) -> (0, 3) has a util value of 6
  Move: (4, 3) -> (2, 3) has a util value of 4
  Move: (4, 3) -> (0, 3) has a util value of 1
  Move: (4, 3) -> (4, 1) has a util value of 4
  Move: (4, 5) -> (2, 5) has a util value of 5
  Current player has 5 moves to examine
  Current move decision has explored 115632 nodes.
  Current move decision has taken 0.262247245 seconds.
Executing move (0, 5) -> (0, 3)
Turn 12, black to play:
---------------
| . . . w . . |
| w b w b w . |
| . . b . b . |
| w b w b w b |
| b . b w b w |
| w . w b w b |
---------------
  Move: (1, 3) -> (1, 5) has a util value of 5
  Move: (2, 2) -> (0, 2) has a util value of 5
  Move: (2, 4) -> (0, 4) has a util value of 5
  Move: (4, 0) -> (2, 0) has a util value of 5
  Move: (4, 0) -> (0, 0) has a util value of 5
  Move: (5, 3) -> (5, 1) has a util value of 6
  Current player has 6 moves to examine
  Current move decision has explored 7323 nodes.
  Current move decision has taken 0.020792449 seconds.
Executing move (5, 3) -> (5, 1)
Turn 13, white to play:
---------------
| . . . w . . |
| w b w b w . |
| . . b . b . |
| w b w b w b |
| b . b w b w |
| w b . . w b |
---------------
  Move: (0, 3) -> (2, 3) has a util value of 5
  Move: (3, 2) -> (5, 2) has a util value of 4
  Move: (4, 3) -> (2, 3) has a util value of 4
  Move: (4, 3) -> (4, 1) has a util value of 5
  Move: (4, 5) -> (2, 5) has a util value of 3
  Move: (5, 0) -> (5, 2) has a util value of 6
  Current player has 6 moves to examine
  Current move decision has explored 224020 nodes.
  Current move decision has taken 0.493392561 seconds.
Executing move (5, 0) -> (5, 2)
Turn 14, black to play:
---------------
| . . . w . . |
| w b w b w . |
| . . b . b . |
| w b w b w b |
| b . b w b w |
| . . w . w b |
---------------
  Move: (1, 3) -> (1, 5) has a util value of 3
  Move: (2, 2) -> (0, 2) has a util value of 4
  Move: (2, 4) -> (0, 4) has a util value of 4
  Move: (3, 3) -> (5, 3) has a util value of 4
  Move: (4, 0) -> (2, 0) has a util value of 4
  Move: (4, 0) -> (0, 0) has a util value of 4
  Move: (5, 5) -> (5, 3) has a util value of 4
  Move: (5, 5) -> (5, 1) has a util value of 4
  Current player has 8 moves to examine
  Current move decision has explored 15976 nodes.
  Current move decision has taken 0.060756678 seconds.
Executing move (2, 2) -> (0, 2)
Turn 15, white to play:
---------------
| . . b w . . |
| w b . b w . |
| . . . . b . |
| w b w b w b |
| b . b w b w |
| . . w . w b |
---------------
  Move: (0, 3) -> (0, 1) has a util value of 5
  Move: (0, 3) -> (2, 3) has a util value of 3
  Move: (1, 0) -> (1, 2) has a util value of 4
  Move: (1, 4) -> (1, 2) has a util value of 5
  Move: (3, 0) -> (5, 0) has a util value of 6
  Move: (4, 3) -> (2, 3) has a util value of 5
  Move: (4, 3) -> (4, 1) has a util value of 5
  Move: (4, 5) -> (2, 5) has a util value of 4
  Current player has 8 moves to examine
  Current move decision has explored 314648 nodes.
  Current move decision has taken 0.53306213 seconds.
Executing move (3, 0) -> (5, 0)
Turn 16, black to play:
---------------
| . . b w . . |
| w b . b w . |
| . . . . b . |
| . b w b w b |
| . . b w b w |
| w . w . w b |
---------------
  Move: (0, 2) -> (0, 4) has a util value of 2
  Move: (1, 3) -> (1, 5) has a util value of 2
  Move: (2, 4) -> (0, 4) has a util value of 2
  Move: (3, 3) -> (5, 3) has a util value of 3
  Move: (4, 2) -> (2, 2) has a util value of 3
  Move: (5, 5) -> (5, 3) has a util value of 3
  Move: (5, 5) -> (5, 1) has a util value of 3
  Current player has 7 moves to examine
  Current move decision has explored 3021 nodes.
  Current move decision has taken 0.006836344 seconds.
Executing move (3, 3) -> (5, 3)
Turn 17, white to play:
---------------
| . . b w . . |
| w b . b w . |
| . . . . b . |
| . b w . w b |
| . . b . b w |
| w . w b w b |
---------------
  Move: (0, 3) -> (0, 1) has a util value of 4
  Move: (0, 3) -> (2, 3) has a util value of 4
  Move: (1, 0) -> (1, 2) has a util value of 4
  Move: (1, 4) -> (1, 2) has a util value of 3
  Move: (3, 2) -> (3, 0) has a util value of 4
  Move: (4, 5) -> (2, 5) has a util value of 4
  Move: (4, 5) -> (4, 3) has a util value of 1
  Move: (4, 5) -> (4, 1) has a util value of 1
  Current player has 8 moves to examine
  Current move decision has explored 71073 nodes.
  Current move decision has taken 0.106007614 seconds.
Executing move (0, 3) -> (0, 1)
Turn 18, black to play:
---------------
| . w . . . . |
| w b . b w . |
| . . . . b . |
| . b w . w b |
| . . b . b w |
| w . w b w b |
---------------
  Move: (1, 3) -> (1, 5) has a util value of -216
  Move: (2, 4) -> (0, 4) has a util value of 1
  Move: (3, 1) -> (3, 3) has a util value of 1
  Move: (3, 5) -> (3, 3) has a util value of 2
  Move: (4, 2) -> (2, 2) has a util value of 2
  Move: (5, 3) -> (5, 1) has a util value of 2
  Current player has 6 moves to examine
  Current move decision has explored 2935 nodes.
  Current move decision has taken 0.006215106 seconds.
Executing move (3, 5) -> (3, 3)
Turn 19, white to play:
---------------
| . w . . . . |
| w b . b w . |
| . . . . b . |
| . b w b . . |
| . . b . b w |
| w . w b w b |
---------------
  Move: (0, 1) -> (2, 1) has a util value of 2
  Move: (0, 1) -> (4, 1) has a util value of 1
  Move: (1, 0) -> (1, 2) has a util value of 2
  Move: (1, 4) -> (1, 2) has a util value of 2
  Move: (1, 4) -> (3, 4) has a util value of 4
  Move: (3, 2) -> (3, 0) has a util value of 4
  Move: (3, 2) -> (3, 4) has a util value of 4
  Move: (4, 5) -> (4, 3) has a util value of 4
  Move: (4, 5) -> (4, 1) has a util value of 3
  Move: (5, 4) -> (3, 4) has a util value of 3
  Current player has 10 moves to examine
  Current move decision has explored 37987 nodes.
  Current move decision has taken 0.050561876 seconds.
Executing move (1, 4) -> (3, 4)
Turn 20, black to play:
---------------
| . w . . . . |
| w b . b . . |
| . . . . . . |
| . b w b w . |
| . . b . b w |
| w . w b w b |
---------------
  Move: (3, 3) -> (3, 5) has a util value of -216
  Move: (4, 2) -> (2, 2) has a util value of 1
  Move: (4, 4) -> (2, 4) has a util value of 1
  Move: (5, 3) -> (5, 1) has a util value of 1
  Move: (5, 5) -> (3, 5) has a util value of 1
  Current player has 5 moves to examine
  Current move decision has explored 780 nodes.
  Current move decision has taken 0.00180414 seconds.
Executing move (4, 2) -> (2, 2)
Turn 21, white to play:
---------------
| . w . . . . |
| w b . b . . |
| . . b . . . |
| . b . b w . |
| . . . . b w |
| w . w b w b |
---------------
  Move: (0, 1) -> (2, 1) has a util value of -216
  Move: (0, 1) -> (4, 1) has a util value of -216
  Move: (1, 0) -> (1, 2) has a util value of -216
  Move: (1, 0) -> (1, 4) has a util value of -216
  Move: (3, 4) -> (3, 2) has a util value of 4
  Move: (3, 4) -> (3, 0) has a util value of 3
  Move: (4, 5) -> (4, 3) has a util value of -216
  Current player has 7 moves to examine
  Current move decision has explored 5704 nodes.
  Current move decision has taken 0.006942014 seconds.
Executing move (3, 4) -> (3, 2)
Turn 22, black to play:
---------------
| . w . . . . |
| w b . b . . |
| . . b . . . |
| . b w . . . |
| . . . . b w |
| w . w b w b |
---------------
  Move: (2, 2) -> (4, 2) has a util value of -216
  Move: (3, 1) -> (3, 3) has a util value of -216
  Move: (5, 3) -> (5, 1) has a util value of -216
  Move: (5, 5) -> (3, 5) has a util value of -216
  Current player has 4 moves to examine
  Current move decision has explored 386 nodes.
  Current move decision has taken 9.95168E-4 seconds.
Executing move (2, 2) -> (4, 2)
Turn 23, white to play:
---------------
| . w . . . . |
| w b . b . . |
| . . . . . . |
| . b . . . . |
| . . b . b w |
| w . w b w b |
---------------
  Move: (0, 1) -> (2, 1) has a util value of 3
  Move: (0, 1) -> (4, 1) has a util value of -216
  Move: (1, 0) -> (1, 2) has a util value of 2
  Move: (1, 0) -> (1, 4) has a util value of 216
  Move: (4, 5) -> (4, 3) has a util value of 216
  Move: (4, 5) -> (4, 1) has a util value of 216
  Move: (5, 2) -> (3, 2) has a util value of 216
  Move: (5, 4) -> (3, 4) has a util value of 4
  Current player has 8 moves to examine
  Current move decision has explored 1818 nodes.
  Current move decision has taken 0.002311468 seconds.
Executing move (1, 0) -> (1, 4)
Turn 24, black to play:
---------------
| . w . . . . |
| . . . . w . |
| . . . . . . |
| . b . . . . |
| . . b . b w |
| w . w b w b |
---------------
  Move: (5, 3) -> (5, 1) has a util value of -216
  Move: (5, 5) -> (3, 5) has a util value of -216
  Current player has 2 moves to examine
  Current move decision has explored 37 nodes.
  Current move decision has taken 1.68877E-4 seconds.
Executing move (5, 3) -> (5, 1)
Turn 25, white to play:
---------------
| . w . . . . |
| . . . . w . |
| . . . . . . |
| . b . . . . |
| . . b . b w |
| w b . . w b |
---------------
  Move: (4, 5) -> (4, 3) has a util value of 216
  Move: (4, 5) -> (4, 1) has a util value of 216
  Move: (5, 0) -> (5, 2) has a util value of 216
  Move: (5, 4) -> (3, 4) has a util value of 216
  Current player has 4 moves to examine
  Current move decision has explored 65 nodes.
  Current move decision has taken 2.61137E-4 seconds.
Executing move (4, 5) -> (4, 3)
Turn 26, black to play:
---------------
| . w . . . . |
| . . . . w . |
| . . . . . . |
| . b . . . . |
| . . b w . . |
| w b . . w b |
---------------
  Move: (4, 2) -> (4, 4) has a util value of -216
  Move: (5, 5) -> (5, 3) has a util value of -216
  Current player has 2 moves to examine
  Current move decision has explored 9 nodes.
  Current move decision has taken 1.52115E-4 seconds.
Executing move (4, 2) -> (4, 4)
Turn 27, white to play:
---------------
| . w . . . . |
| . . . . w . |
| . . . . . . |
| . b . . . . |
| . . . . b . |
| w b . . w b |
---------------
  Move: (5, 0) -> (5, 2) has a util value of -216
  Move: (5, 4) -> (3, 4) has a util value of 216
  Current player has 2 moves to examine
  Current move decision has explored 5 nodes.
  Current move decision has taken 1.07486E-4 seconds.
Executing move (5, 4) -> (3, 4)
Game over!  Final board state:
---------------
| . w . . . . |
| . . . . w . |
| . . . . . . |
| . b . . w . |
| . . . . . . |
| w b . . . b |
---------------
Game won by White after 28 turns
Black Player explored a total of 57269 nodes
White Player explored a total of 1334086 nodes
make: Leaving directory `/home/ncarey/gitrepos/AI-HW/HW2/carey.nick/src'
